0 info it worked if it ends with ok
1 verbose cli [ '/usr/local/bin/node',
1 verbose cli   '/usr/local/bin/npm',
1 verbose cli   'update',
1 verbose cli   'npm',
1 verbose cli   '-g' ]
2 info using npm@3.8.9
3 info using node@v6.2.0
4 silly mapToRegistry name npm
5 silly mapToRegistry using default registry
6 silly mapToRegistry registry https://registry.npmjs.org/
7 silly mapToRegistry data Result {
7 silly mapToRegistry   raw: 'npm',
7 silly mapToRegistry   scope: null,
7 silly mapToRegistry   name: 'npm',
7 silly mapToRegistry   rawSpec: '',
7 silly mapToRegistry   spec: 'latest',
7 silly mapToRegistry   type: 'tag' }
8 silly mapToRegistry uri https://registry.npmjs.org/npm
9 verbose request uri https://registry.npmjs.org/npm
10 verbose request no auth needed
11 info attempt registry request try #1 at 09:13:03
12 verbose request id b2c337debcfeb5e2
13 http request GET https://registry.npmjs.org/npm
14 http 200 https://registry.npmjs.org/npm
15 verbose headers { server: 'nginx/1.10.1',
15 verbose headers   'content-type': 'application/json',
15 verbose headers   'last-modified': 'Fri, 02 Dec 2016 01:36:56 GMT',
15 verbose headers   etag: 'W/"5840d038-599464"',
15 verbose headers   'content-encoding': 'gzip',
15 verbose headers   'cache-control': 'max-age=300',
15 verbose headers   'content-length': '318695',
15 verbose headers   'accept-ranges': 'bytes',
15 verbose headers   date: 'Mon, 12 Dec 2016 01:13:14 GMT',
15 verbose headers   via: '1.1 varnish',
15 verbose headers   age: '278',
15 verbose headers   connection: 'keep-alive',
15 verbose headers   'x-served-by': 'cache-ams4130-AMS',
15 verbose headers   'x-cache': 'HIT',
15 verbose headers   'x-cache-hits': '1',
15 verbose headers   'x-timer': 'S1481505194.769354,VS0,VE0',
15 verbose headers   vary: 'Accept-Encoding' }
16 silly get cb [ 200,
16 silly get   { server: 'nginx/1.10.1',
16 silly get     'content-type': 'application/json',
16 silly get     'last-modified': 'Fri, 02 Dec 2016 01:36:56 GMT',
16 silly get     etag: 'W/"5840d038-599464"',
16 silly get     'content-encoding': 'gzip',
16 silly get     'cache-control': 'max-age=300',
16 silly get     'content-length': '318695',
16 silly get     'accept-ranges': 'bytes',
16 silly get     date: 'Mon, 12 Dec 2016 01:13:14 GMT',
16 silly get     via: '1.1 varnish',
16 silly get     age: '278',
16 silly get     connection: 'keep-alive',
16 silly get     'x-served-by': 'cache-ams4130-AMS',
16 silly get     'x-cache': 'HIT',
16 silly get     'x-cache-hits': '1',
16 silly get     'x-timer': 'S1481505194.769354,VS0,VE0',
16 silly get     vary: 'Accept-Encoding' } ]
17 verbose get saving npm to /Users/deep/.npm/registry.npmjs.org/npm/.cache.json
18 verbose correctMkdir /Users/deep/.npm correctMkdir not in flight; initializing
19 info outdated updating [ { dep:
19 info outdated      Node {
19 info outdated        id: 1,
19 info outdated        package: [Object],
19 info outdated        path: '/usr/local/lib/node_modules/npm',
19 info outdated        realpath: '/usr/local/lib/node_modules/npm',
19 info outdated        parent: [Object],
19 info outdated        isLink: false,
19 info outdated        children: [Object],
19 info outdated        error: null,
19 info outdated        loaded: false,
19 info outdated        requiredBy: [],
19 info outdated        requires: [Object],
19 info outdated        missingDeps: {},
19 info outdated        missingDevDeps: {},
19 info outdated        userRequired: false,
19 info outdated        existing: false },
19 info outdated     depname: 'npm',
19 info outdated     current: '3.8.9',
19 info outdated     wanted: '4.0.5',
19 info outdated     latest: '4.0.3',
19 info outdated     req: '*',
19 info outdated     what: 'npm@4.0.5' } ]
20 silly loadCurrentTree Starting
21 silly install loadCurrentTree
22 silly install readGlobalPackageData
23 silly fetchPackageMetaData npm@4.0.5
24 silly fetchNamedPackageData npm
25 silly mapToRegistry name npm
26 silly mapToRegistry using default registry
27 silly mapToRegistry registry https://registry.npmjs.org/
28 silly mapToRegistry data Result {
28 silly mapToRegistry   raw: 'npm',
28 silly mapToRegistry   scope: null,
28 silly mapToRegistry   name: 'npm',
28 silly mapToRegistry   rawSpec: '',
28 silly mapToRegistry   spec: 'latest',
28 silly mapToRegistry   type: 'tag' }
29 silly mapToRegistry uri https://registry.npmjs.org/npm
30 verbose get https://registry.npmjs.org/npm not expired, no request
31 silly install normalizeTree
32 silly loadCurrentTree Finishing
33 silly loadIdealTree Starting
34 silly install loadIdealTree
35 silly cloneCurrentTree Starting
36 silly install cloneCurrentTreeToIdealTree
37 silly cloneCurrentTree Finishing
38 silly loadShrinkwrap Starting
39 silly install loadShrinkwrap
40 silly loadShrinkwrap Finishing
41 silly loadAllDepsIntoIdealTree Starting
42 silly install loadAllDepsIntoIdealTree
43 silly resolveWithNewModule npm@4.0.5 checking installable status
44 silly cache add args [ 'npm@4.0.5', null ]
45 verbose cache add spec npm@4.0.5
46 silly cache add parsed spec Result {
46 silly cache add   raw: 'npm@4.0.5',
46 silly cache add   scope: null,
46 silly cache add   name: 'npm',
46 silly cache add   rawSpec: '4.0.5',
46 silly cache add   spec: '4.0.5',
46 silly cache add   type: 'version' }
47 silly addNamed npm@4.0.5
48 verbose addNamed "4.0.5" is a plain semver version for npm
49 silly mapToRegistry name npm
50 silly mapToRegistry using default registry
51 silly mapToRegistry registry https://registry.npmjs.org/
52 silly mapToRegistry data Result {
52 silly mapToRegistry   raw: 'npm',
52 silly mapToRegistry   scope: null,
52 silly mapToRegistry   name: 'npm',
52 silly mapToRegistry   rawSpec: '',
52 silly mapToRegistry   spec: 'latest',
52 silly mapToRegistry   type: 'tag' }
53 silly mapToRegistry uri https://registry.npmjs.org/npm
54 verbose addNameVersion registry:https://registry.npmjs.org/npm not in flight; fetching
55 verbose get https://registry.npmjs.org/npm not expired, no request
56 silly mapToRegistry name npm
57 silly mapToRegistry using default registry
58 silly mapToRegistry registry https://registry.npmjs.org/
59 silly mapToRegistry data Result {
59 silly mapToRegistry   raw: 'npm',
59 silly mapToRegistry   scope: null,
59 silly mapToRegistry   name: 'npm',
59 silly mapToRegistry   rawSpec: '',
59 silly mapToRegistry   spec: 'latest',
59 silly mapToRegistry   type: 'tag' }
60 silly mapToRegistry uri https://registry.npmjs.org/npm
61 verbose addRemoteTarball https://registry.npmjs.org/npm/-/npm-4.0.5.tgz not in flight; adding
62 verbose addRemoteTarball [ 'https://registry.npmjs.org/npm/-/npm-4.0.5.tgz',
62 verbose addRemoteTarball   'a9c3c00c3c5bd6b0538c71109e019afd9d5b1403' ]
63 info retry fetch attempt 1 at 09:13:26
64 info attempt registry request try #1 at 09:13:26
65 http fetch GET https://registry.npmjs.org/npm/-/npm-4.0.5.tgz
66 http fetch 200 https://registry.npmjs.org/npm/-/npm-4.0.5.tgz
67 info retry will retry, error on last attempt: Error: read ECONNRESET
68 info retry will retry, error on last attempt: Error: read ECONNRESET
69 silly fetchAndShaCheck shasum a9c3c00c3c5bd6b0538c71109e019afd9d5b1403
70 silly rollbackFailedOptional Starting
71 silly rollbackFailedOptional Finishing
72 silly runTopLevelLifecycles Starting
73 silly runTopLevelLifecycles Finishing
74 silly install printInstalled
75 verbose stack Error: shasum check failed for /tmp/npm-628-1ae9eae1/registry.npmjs.org/npm/-/npm-4.0.5.tgz
75 verbose stack Expected: a9c3c00c3c5bd6b0538c71109e019afd9d5b1403
75 verbose stack Actual:   2db40e66a5fc6ba023f32af98f3334f8971eb90f
75 verbose stack From:     https://registry.npmjs.org/npm/-/npm-4.0.5.tgz
75 verbose stack     at /usr/local/lib/node_modules/npm/node_modules/sha/index.js:25:8
75 verbose stack     at ReadStream.<anonymous> (/usr/local/lib/node_modules/npm/node_modules/sha/index.js:72:7)
75 verbose stack     at emitNone (events.js:91:20)
75 verbose stack     at ReadStream.emit (events.js:185:7)
75 verbose stack     at endReadableNT (_stream_readable.js:926:12)
75 verbose stack     at _combinedTickCallback (internal/process/next_tick.js:74:11)
75 verbose stack     at process._tickCallback (internal/process/next_tick.js:98:9)
76 verbose cwd /Users/deep/Downloads/zuodan/mb/nodeTool
77 error Darwin 15.6.0
78 error argv "/usr/local/bin/node" "/usr/local/bin/npm" "update" "npm" "-g"
79 error node v6.2.0
80 error npm  v3.8.9
81 error shasum check failed for /tmp/npm-628-1ae9eae1/registry.npmjs.org/npm/-/npm-4.0.5.tgz
81 error Expected: a9c3c00c3c5bd6b0538c71109e019afd9d5b1403
81 error Actual:   2db40e66a5fc6ba023f32af98f3334f8971eb90f
81 error From:     https://registry.npmjs.org/npm/-/npm-4.0.5.tgz
82 error If you need help, you may report this error at:
82 error     <https://github.com/npm/npm/issues>
83 verbose exit [ 1, true ]
